<?xml version="1.0" encoding="UTF-8"?>
<testng-results ignored="0" total="1" passed="1" failed="0" skipped="0">
  <reporter-output>
  </reporter-output>
  <suite started-at="2024-08-12T20:59:44 NPT" name="Default suite" finished-at="2024-08-12T20:59:59 NPT" duration-ms="15338">
    <groups>
    </groups>
    <test started-at="2024-08-12T20:59:44 NPT" name="Default test" finished-at="2024-08-12T20:59:59 NPT" duration-ms="15338">
      <class name="testCases.TC_HamroBazar">
        <test-method is-config="true" signature="setup()[pri:0, instance:testCases.TC_HamroBazar@2a8448fa]" started-at="2024-08-12T20:59:44 NPT" name="setup" finished-at="2024-08-12T20:59:51 NPT" duration-ms="7839" status="PASS">
          <reporter-output>
          </reporter-output>
        </test-method> <!-- setup -->
        <test-method signature="Verify_Search_Results()[pri:0, instance:testCases.TC_HamroBazar@2a8448fa]" started-at="2024-08-12T20:59:51 NPT" name="Verify_Search_Results" finished-at="2024-08-12T20:59:52 NPT" duration-ms="217" status="PASS">
          <reporter-output>
          </reporter-output>
        </test-method> <!-- Verify_Search_Results -->
        <test-method is-config="true" signature="tearDown()[pri:0, instance:testCases.TC_HamroBazar@2a8448fa]" started-at="2024-08-12T20:59:52 NPT" name="tearDown" finished-at="2024-08-12T20:59:59 NPT" duration-ms="7248" status="PASS">
          <reporter-output>
          </reporter-output>
        </test-method> <!-- tearDown -->
      </class> <!-- testCases.TC_HamroBazar -->
    </test> <!-- Default test -->
  </suite> <!-- Default suite -->
</testng-results>
